<?xml version="1.0" encoding="UTF-8"?>
<testsuite xmlns:xsi="http://www.w3.org/2001/XMLSchema-instance" xsi:noNamespaceSchemaLocation="https://maven.apache.org/surefire/maven-surefire-plugin/xsd/surefire-test-report.xsd" name="LoginTest" time="0.03" tests="1" errors="1" skipped="0" failures="0">
  <properties>
    <property name="sun.desktop" value="windows"/>
    <property name="awt.toolkit" value="sun.awt.windows.WToolkit"/>
    <property name="file.encoding.pkg" value="sun.io"/>
    <property name="java.specification.version" value="1.8"/>
    <property name="sun.cpu.isalist" value="amd64"/>
    <property name="sun.jnu.encoding" value="GBK"/>
    <property name="java.class.path" value="E:\Java\Idea\SSM\ssm-modules\ssm-web\target\test-classes;E:\Java\Idea\SSM\ssm-modules\ssm-web\target\classes;E:\Java\Idea\SSM\ssm-modules\ssm-service\target\ssm-modules.jar;E:\Java\Idea\SSM\ssm-modules\ssm-dao\target\ssm-modules.jar;E:\Java\Idea\SSM\ssm-modules\ssm-pojo\target\ssm-modules.jar;E:\MavenWarehouse\com\thetransactioncompany\cors-filter\2.5\cors-filter-2.5.jar;E:\MavenWarehouse\com\thetransactioncompany\java-property-utils\1.9.1\java-property-utils-1.9.1.jar;E:\MavenWarehouse\org\springframework\spring-core\4.3.4.RELEASE\spring-core-4.3.4.RELEASE.jar;E:\MavenWarehouse\commons-logging\commons-logging\1.2\commons-logging-1.2.jar;E:\MavenWarehouse\org\springframework\spring-beans\4.3.4.RELEASE\spring-beans-4.3.4.RELEASE.jar;E:\MavenWarehouse\org\springframework\spring-webmvc\4.3.4.RELEASE\spring-webmvc-4.3.4.RELEASE.jar;E:\MavenWarehouse\org\springframework\spring-expression\4.3.4.RELEASE\spring-expression-4.3.4.RELEASE.jar;E:\MavenWarehouse\org\springframework\spring-oxm\4.3.4.RELEASE\spring-oxm-4.3.4.RELEASE.jar;E:\MavenWarehouse\org\springframework\spring-tx\4.3.4.RELEASE\spring-tx-4.3.4.RELEASE.jar;E:\MavenWarehouse\org\springframework\spring-orm\4.3.4.RELEASE\spring-orm-4.3.4.RELEASE.jar;E:\MavenWarehouse\org\springframework\spring-jdbc\4.3.4.RELEASE\spring-jdbc-4.3.4.RELEASE.jar;E:\MavenWarehouse\org\springframework\spring-context\4.3.4.RELEASE\spring-context-4.3.4.RELEASE.jar;E:\MavenWarehouse\org\springframework\spring-context-support\4.3.4.RELEASE\spring-context-support-4.3.4.RELEASE.jar;E:\MavenWarehouse\org\springframework\spring-test\4.3.4.RELEASE\spring-test-4.3.4.RELEASE.jar;E:\MavenWarehouse\org\springframework\spring-aspects\4.3.4.RELEASE\spring-aspects-4.3.4.RELEASE.jar;E:\MavenWarehouse\org\aspectj\aspectjweaver\1.8.9\aspectjweaver-1.8.9.jar;E:\MavenWarehouse\org\springframework\spring-aop\4.3.4.RELEASE\spring-aop-4.3.4.RELEASE.jar;E:\MavenWarehouse\log4j\log4j\1.2.17\log4j-1.2.17.jar;E:\MavenWarehouse\org\slf4j\slf4j-api\1.7.7\slf4j-api-1.7.7.jar;E:\MavenWarehouse\org\slf4j\slf4j-log4j12\1.7.7\slf4j-log4j12-1.7.7.jar;E:\MavenWarehouse\com\google\code\gson\gson\2.2.4\gson-2.2.4.jar;E:\MavenWarehouse\net\sf\json-lib\json-lib\2.4\json-lib-2.4-jdk15.jar;E:\MavenWarehouse\commons-beanutils\commons-beanutils\1.8.0\commons-beanutils-1.8.0.jar;E:\MavenWarehouse\commons-collections\commons-collections\3.2.1\commons-collections-3.2.1.jar;E:\MavenWarehouse\commons-lang\commons-lang\2.5\commons-lang-2.5.jar;E:\MavenWarehouse\net\sf\ezmorph\ezmorph\1.0.6\ezmorph-1.0.6.jar;E:\MavenWarehouse\org\apache\commons\commons-lang3\3.3.2\commons-lang3-3.3.2.jar;E:\MavenWarehouse\org\mybatis\mybatis\3.3.0\mybatis-3.3.0.jar;E:\MavenWarehouse\org\mybatis\mybatis-spring\1.2.3\mybatis-spring-1.2.3.jar;E:\MavenWarehouse\mysql\mysql-connector-java\8.0.11\mysql-connector-java-8.0.11.jar;E:\MavenWarehouse\com\google\protobuf\protobuf-java\2.6.0\protobuf-java-2.6.0.jar;E:\MavenWarehouse\com\github\pagehelper\pagehelper\4.1.4\pagehelper-4.1.4.jar;E:\MavenWarehouse\com\github\jsqlparser\jsqlparser\0.9.5\jsqlparser-0.9.5.jar;E:\MavenWarehouse\org\mybatis\generator\mybatis-generator-core\1.4.0\mybatis-generator-core-1.4.0.jar;E:\MavenWarehouse\com\alibaba\druid\1.1.2\druid-1.1.2.jar;D:\Jdk\jdk18\jdk\jre\..\lib\jconsole.jar;D:\Jdk\jdk18\jdk\jre\..\lib\tools.jar;E:\MavenWarehouse\junit\junit\4.9\junit-4.9.jar;E:\MavenWarehouse\org\hamcrest\hamcrest-core\1.1\hamcrest-core-1.1.jar;E:\MavenWarehouse\jstl\jstl\1.2\jstl-1.2.jar;E:\MavenWarehouse\javax\servlet\javax.servlet-api\3.1.0\javax.servlet-api-3.1.0.jar;E:\MavenWarehouse\javax\servlet\jsp\javax.servlet.jsp-api\2.3.1\javax.servlet.jsp-api-2.3.1.jar;E:\MavenWarehouse\javax\javaee-api\7.0\javaee-api-7.0.jar;E:\MavenWarehouse\com\sun\mail\javax.mail\1.5.0\javax.mail-1.5.0.jar;E:\MavenWarehouse\javax\activation\activation\1.1\activation-1.1.jar;E:\MavenWarehouse\commons-fileupload\commons-fileupload\1.3.1\commons-fileupload-1.3.1.jar;E:\MavenWarehouse\commons-io\commons-io\2.4\commons-io-2.4.jar;E:\MavenWarehouse\commons-codec\commons-codec\1.9\commons-codec-1.9.jar;E:\MavenWarehouse\org\springframework\spring-web\4.3.4.RELEASE\spring-web-4.3.4.RELEASE.jar;"/>
    <property name="java.vm.vendor" value="Oracle Corporation"/>
    <property name="sun.arch.data.model" value="64"/>
    <property name="user.variant" value=""/>
    <property name="java.vendor.url" value="http://java.oracle.com/"/>
    <property name="user.timezone" value="GMT+08:00"/>
    <property name="java.vm.specification.version" value="1.8"/>
    <property name="os.name" value="Windows 10"/>
    <property name="user.country" value="CN"/>
    <property name="sun.java.launcher" value="SUN_STANDARD"/>
    <property name="sun.boot.library.path" value="D:\Jdk\jdk18\jdk\jre\bin"/>
    <property name="sun.java.command" value="C:\Users\jack\AppData\Local\Temp\surefire8992558737163668223\surefirebooter2801965126444808986.jar C:\Users\jack\AppData\Local\Temp\surefire8992558737163668223 2020-08-02T13-22-45_010-jvmRun1 surefire7041093102682875347tmp surefire_06855117209360291946tmp"/>
    <property name="surefire.test.class.path" value="E:\Java\Idea\SSM\ssm-modules\ssm-web\target\test-classes;E:\Java\Idea\SSM\ssm-modules\ssm-web\target\classes;E:\Java\Idea\SSM\ssm-modules\ssm-service\target\ssm-modules.jar;E:\Java\Idea\SSM\ssm-modules\ssm-dao\target\ssm-modules.jar;E:\Java\Idea\SSM\ssm-modules\ssm-pojo\target\ssm-modules.jar;E:\MavenWarehouse\com\thetransactioncompany\cors-filter\2.5\cors-filter-2.5.jar;E:\MavenWarehouse\com\thetransactioncompany\java-property-utils\1.9.1\java-property-utils-1.9.1.jar;E:\MavenWarehouse\org\springframework\spring-core\4.3.4.RELEASE\spring-core-4.3.4.RELEASE.jar;E:\MavenWarehouse\commons-logging\commons-logging\1.2\commons-logging-1.2.jar;E:\MavenWarehouse\org\springframework\spring-beans\4.3.4.RELEASE\spring-beans-4.3.4.RELEASE.jar;E:\MavenWarehouse\org\springframework\spring-webmvc\4.3.4.RELEASE\spring-webmvc-4.3.4.RELEASE.jar;E:\MavenWarehouse\org\springframework\spring-expression\4.3.4.RELEASE\spring-expression-4.3.4.RELEASE.jar;E:\MavenWarehouse\org\springframework\spring-oxm\4.3.4.RELEASE\spring-oxm-4.3.4.RELEASE.jar;E:\MavenWarehouse\org\springframework\spring-tx\4.3.4.RELEASE\spring-tx-4.3.4.RELEASE.jar;E:\MavenWarehouse\org\springframework\spring-orm\4.3.4.RELEASE\spring-orm-4.3.4.RELEASE.jar;E:\MavenWarehouse\org\springframework\spring-jdbc\4.3.4.RELEASE\spring-jdbc-4.3.4.RELEASE.jar;E:\MavenWarehouse\org\springframework\spring-context\4.3.4.RELEASE\spring-context-4.3.4.RELEASE.jar;E:\MavenWarehouse\org\springframework\spring-context-support\4.3.4.RELEASE\spring-context-support-4.3.4.RELEASE.jar;E:\MavenWarehouse\org\springframework\spring-test\4.3.4.RELEASE\spring-test-4.3.4.RELEASE.jar;E:\MavenWarehouse\org\springframework\spring-aspects\4.3.4.RELEASE\spring-aspects-4.3.4.RELEASE.jar;E:\MavenWarehouse\org\aspectj\aspectjweaver\1.8.9\aspectjweaver-1.8.9.jar;E:\MavenWarehouse\org\springframework\spring-aop\4.3.4.RELEASE\spring-aop-4.3.4.RELEASE.jar;E:\MavenWarehouse\log4j\log4j\1.2.17\log4j-1.2.17.jar;E:\MavenWarehouse\org\slf4j\slf4j-api\1.7.7\slf4j-api-1.7.7.jar;E:\MavenWarehouse\org\slf4j\slf4j-log4j12\1.7.7\slf4j-log4j12-1.7.7.jar;E:\MavenWarehouse\com\google\code\gson\gson\2.2.4\gson-2.2.4.jar;E:\MavenWarehouse\net\sf\json-lib\json-lib\2.4\json-lib-2.4-jdk15.jar;E:\MavenWarehouse\commons-beanutils\commons-beanutils\1.8.0\commons-beanutils-1.8.0.jar;E:\MavenWarehouse\commons-collections\commons-collections\3.2.1\commons-collections-3.2.1.jar;E:\MavenWarehouse\commons-lang\commons-lang\2.5\commons-lang-2.5.jar;E:\MavenWarehouse\net\sf\ezmorph\ezmorph\1.0.6\ezmorph-1.0.6.jar;E:\MavenWarehouse\org\apache\commons\commons-lang3\3.3.2\commons-lang3-3.3.2.jar;E:\MavenWarehouse\org\mybatis\mybatis\3.3.0\mybatis-3.3.0.jar;E:\MavenWarehouse\org\mybatis\mybatis-spring\1.2.3\mybatis-spring-1.2.3.jar;E:\MavenWarehouse\mysql\mysql-connector-java\8.0.11\mysql-connector-java-8.0.11.jar;E:\MavenWarehouse\com\google\protobuf\protobuf-java\2.6.0\protobuf-java-2.6.0.jar;E:\MavenWarehouse\com\github\pagehelper\pagehelper\4.1.4\pagehelper-4.1.4.jar;E:\MavenWarehouse\com\github\jsqlparser\jsqlparser\0.9.5\jsqlparser-0.9.5.jar;E:\MavenWarehouse\org\mybatis\generator\mybatis-generator-core\1.4.0\mybatis-generator-core-1.4.0.jar;E:\MavenWarehouse\com\alibaba\druid\1.1.2\druid-1.1.2.jar;D:\Jdk\jdk18\jdk\jre\..\lib\jconsole.jar;D:\Jdk\jdk18\jdk\jre\..\lib\tools.jar;E:\MavenWarehouse\junit\junit\4.9\junit-4.9.jar;E:\MavenWarehouse\org\hamcrest\hamcrest-core\1.1\hamcrest-core-1.1.jar;E:\MavenWarehouse\jstl\jstl\1.2\jstl-1.2.jar;E:\MavenWarehouse\javax\servlet\javax.servlet-api\3.1.0\javax.servlet-api-3.1.0.jar;E:\MavenWarehouse\javax\servlet\jsp\javax.servlet.jsp-api\2.3.1\javax.servlet.jsp-api-2.3.1.jar;E:\MavenWarehouse\javax\javaee-api\7.0\javaee-api-7.0.jar;E:\MavenWarehouse\com\sun\mail\javax.mail\1.5.0\javax.mail-1.5.0.jar;E:\MavenWarehouse\javax\activation\activation\1.1\activation-1.1.jar;E:\MavenWarehouse\commons-fileupload\commons-fileupload\1.3.1\commons-fileupload-1.3.1.jar;E:\MavenWarehouse\commons-io\commons-io\2.4\commons-io-2.4.jar;E:\MavenWarehouse\commons-codec\commons-codec\1.9\commons-codec-1.9.jar;E:\MavenWarehouse\org\springframework\spring-web\4.3.4.RELEASE\spring-web-4.3.4.RELEASE.jar;"/>
    <property name="sun.cpu.endian" value="little"/>
    <property name="user.home" value="C:\Users\jack"/>
    <property name="user.language" value="zh"/>
    <property name="java.specification.vendor" value="Oracle Corporation"/>
    <property name="java.home" value="D:\Jdk\jdk18\jdk\jre"/>
    <property name="basedir" value="E:\Java\Idea\SSM\ssm-modules\ssm-web"/>
    <property name="file.separator" value="\"/>
    <property name="line.separator" value="&#10;"/>
    <property name="java.vm.specification.vendor" value="Oracle Corporation"/>
    <property name="java.specification.name" value="Java Platform API Specification"/>
    <property name="java.awt.graphicsenv" value="sun.awt.Win32GraphicsEnvironment"/>
    <property name="idea.version2020.1.3" value="true"/>
    <property name="surefire.real.class.path" value="C:\Users\jack\AppData\Local\Temp\surefire8992558737163668223\surefirebooter2801965126444808986.jar"/>
    <property name="sun.boot.class.path" value="D:\Jdk\jdk18\jdk\jre\lib\resources.jar;D:\Jdk\jdk18\jdk\jre\lib\rt.jar;D:\Jdk\jdk18\jdk\jre\lib\sunrsasign.jar;D:\Jdk\jdk18\jdk\jre\lib\jsse.jar;D:\Jdk\jdk18\jdk\jre\lib\jce.jar;D:\Jdk\jdk18\jdk\jre\lib\charsets.jar;D:\Jdk\jdk18\jdk\jre\lib\jfr.jar;D:\Jdk\jdk18\jdk\jre\classes"/>
    <property name="user.script" value=""/>
    <property name="sun.management.compiler" value="HotSpot 64-Bit Tiered Compilers"/>
    <property name="java.runtime.version" value="1.8.0_131-b11"/>
    <property name="user.name" value="jack"/>
    <property name="path.separator" value=";"/>
    <property name="os.version" value="10.0"/>
    <property name="java.endorsed.dirs" value="D:\Jdk\jdk18\jdk\jre\lib\endorsed"/>
    <property name="java.runtime.name" value="Java(TM) SE Runtime Environment"/>
    <property name="file.encoding" value="GBK"/>
    <property name="java.vm.name" value="Java HotSpot(TM) 64-Bit Server VM"/>
    <property name="localRepository" value="E:\MavenWarehouse"/>
    <property name="java.vendor.url.bug" value="http://bugreport.sun.com/bugreport/"/>
    <property name="java.io.tmpdir" value="C:\Users\jack\AppData\Local\Temp\"/>
    <property name="java.version" value="1.8.0_131"/>
    <property name="user.dir" value="E:\Java\Idea\SSM\ssm-modules\ssm-web"/>
    <property name="os.arch" value="amd64"/>
    <property name="java.vm.specification.name" value="Java Virtual Machine Specification"/>
    <property name="java.awt.printerjob" value="sun.awt.windows.WPrinterJob"/>
    <property name="sun.os.patch.level" value=""/>
    <property name="java.library.path" value="D:\Jdk\jdk18\jdk\jre\bin;C:\WINDOWS\Sun\Java\bin;C:\WINDOWS\system32;C:\WINDOWS;D:\SecureCRT\SecureCRT8\;C:\ProgramData\Oracle\Java\javapath;C:\Windows\system32;C:\Windows;C:\Windows\System32\Wbem;C:\Windows\System32\WindowsPowerShell\v1.0\;C:\Windows\System32\OpenSSH\;C:\Program Files (x86)\NVIDIA Corporation\PhysX\Common;C:\Program Files\NVIDIA Corporation\NVIDIA NGX;C:\Program Files\NVIDIA Corporation\NVIDIA NvDLISR;D:\Git\Git\cmd;D:\Maven\apache-maven-3.6.3\bin;D:\NodeJS\;D:\VSCode\Microsoft VS Code\bin;%SystemRoot%\system32;%SystemRoot%;%SystemRoot%\System32\Wbem;%SYSTEMROOT%\System32\WindowsPowerShell\v1.0\;%SYSTEMROOT%\System32\OpenSSH\;C:\Users\jack\AppData\Local\Microsoft\WindowsApps;;D:\Idea\IntelliJ IDEA 2020.1\bin;;D:\Webstorm\WebStorm 2020.1\bin;;C:\Users\jack\AppData\Roaming\npm;."/>
    <property name="java.vm.info" value="mixed mode"/>
    <property name="java.vendor" value="Oracle Corporation"/>
    <property name="java.vm.version" value="25.131-b11"/>
    <property name="java.ext.dirs" value="D:\Jdk\jdk18\jdk\jre\lib\ext;C:\WINDOWS\Sun\Java\lib\ext"/>
    <property name="sun.io.unicode.encoding" value="UnicodeLittle"/>
    <property name="java.class.version" value="52.0"/>
  </properties>
  <testcase name="testLogin" classname="LoginTest" time="0.005">
    <error type="java.lang.NullPointerException">java.lang.NullPointerException
	at LoginTest.testLogin(LoginTest.java:15)
</error>
  </testcase>
</testsuite>